<?xml version="1.0" encoding="UTF-8"?>
<Site BuildName="Linux-arm-linux-g++"
	BuildStamp="20230606-1409-Experimental"
	Name="brian"
	Generator="ctest-3.24.0-rc1"
	CompilerName="/usr/local/HTZX-arm-4.8.3/bin/arm-linux-g++"
	CompilerVersion="4.8.3"
	OSName="Linux"
	Hostname="brian"
	OSRelease="5.15.0-72-generic"
	OSVersion="#79~20.04.1-Ubuntu SMP Thu Apr 20 22:12:07 UTC 2023"
	OSPlatform="x86_64"
	Is64Bits="1"
	VendorString="GenuineIntel"
	VendorID="Intel Corporation"
	FamilyID="6"
	ModelID="167"
	ProcessorCacheSize="16384"
	NumberOfLogicalCPU="12"
	NumberOfPhysicalCPU="12"
	TotalVirtualMemory="2047"
	TotalPhysicalMemory="7915"
	LogicalProcessorsPerPhysical="1"
	ProcessorClockFrequency="2496"
	>
	<Testing>
		<StartDateTime>Jun 06 22:09 CST</StartDateTime>
		<StartTestTime>1686060563</StartTestTime>
		<TestList/>
		<EndDateTime>Jun 06 22:09 CST</EndDateTime>
		<EndTestTime>1686060563</EndTestTime>
		<ElapsedMinutes>0</ElapsedMinutes>
	</Testing>
</Site>
