<?xml version="1.0" encoding="UTF-8"?>
<Site BuildName="Linux-arm-linux-g++"
	BuildStamp="20230510-1620-Experimental"
	Name="brian"
	Generator="ctest-3.24.0-rc1"
	CompilerName="/usr/local/HTZX-arm-4.8.3/bin/arm-linux-g++"
	CompilerVersion="4.8.3"
	OSName="Linux"
	Hostname="brian"
	OSRelease="5.15.0-60-generic"
	OSVersion="#66~20.04.1-Ubuntu SMP Wed Jan 25 09:41:30 UTC 2023"
	OSPlatform="x86_64"
	Is64Bits="1"
	VendorString="GenuineIntel"
	VendorID="Intel Corporation"
	FamilyID="6"
	ModelID="167"
	ProcessorCacheSize="16384"
	NumberOfLogicalCPU="12"
	NumberOfPhysicalCPU="12"
	TotalVirtualMemory="2047"
	TotalPhysicalMemory="7915"
	LogicalProcessorsPerPhysical="1"
	ProcessorClockFrequency="2496"
	>
	<Testing>
		<StartDateTime>May 11 00:20 CST</StartDateTime>
		<StartTestTime>1683735652</StartTestTime>
		<TestList/>
		<EndDateTime>May 11 00:20 CST</EndDateTime>
		<EndTestTime>1683735653</EndTestTime>
		<ElapsedMinutes>0</ElapsedMinutes>
	</Testing>
</Site>
