<?xml version="1.0" encoding="UTF-8"?>
<Site BuildName="Linux-arm-linux-g++"
	BuildStamp="20240505-1518-Experimental"
	Name="brian"
	Generator="ctest-3.24.0-rc1"
	CompilerName="/usr/local/HTZX-arm-4.8.3/bin/arm-linux-g++"
	CompilerVersion="4.8.3"
	OSName="Linux"
	Hostname="brian"
	OSRelease="5.15.0-101-generic"
	OSVersion="#111~20.04.1-Ubuntu SMP Mon Mar 11 15:44:43 UTC 2024"
	OSPlatform="x86_64"
	Is64Bits="1"
	VendorString="GenuineIntel"
	VendorID="Intel Corporation"
	FamilyID="6"
	ModelID="167"
	ProcessorCacheSize="16384"
	NumberOfLogicalCPU="12"
	NumberOfPhysicalCPU="12"
	TotalVirtualMemory="2047"
	TotalPhysicalMemory="7902"
	LogicalProcessorsPerPhysical="1"
	ProcessorClockFrequency="2496"
	>
	<Testing>
		<StartDateTime>May 05 23:27 CST</StartDateTime>
		<StartTestTime>1714922875</StartTestTime>
		<TestList/>
		<EndDateTime>May 05 23:27 CST</EndDateTime>
		<EndTestTime>1714922875</EndTestTime>
		<ElapsedMinutes>0</ElapsedMinutes>
	</Testing>
</Site>
